<?xml version="1.0" encoding="UTF-8"?>
<testsuite name="tests.RegistrationWithPageObjectsTests" tests="2" skipped="0" failures="0" errors="0" timestamp="2024-07-31T12:14:17" hostname="CAPSOONCH" time="86.421">
  <properties/>
  <testcase name="successfulRegistrationTest()" classname="tests.RegistrationWithPageObjectsTests" time="44.915"/>
  <testcase name="successfulRegistration1Test()" classname="tests.RegistrationWithPageObjectsTests" time="41.462"/>
  <system-out><![CDATA[]]></system-out>
  <system-err><![CDATA[[Test worker] INFO com.codeborne.selenide.impl.WebDriverThreadLocalContainer - No webdriver is bound to current thread: 1 - let's create a new webdriver
[Test worker] INFO com.codeborne.selenide.impl.FileHelper - Creating folder: C:\Users\caps_\Desktop\Caps\serious_and_important\1programming\qaguru_mypractice\build\downloads\1722428057389_26880_1
июл. 31, 2024 3:14:18 PM org.openqa.selenium.devtools.CdpVersionFinder findNearestMatch
WARNING: Unable to find CDP implementation matching 127
июл. 31, 2024 3:14:18 PM org.openqa.selenium.chromium.ChromiumDriver lambda$new$5
WARNING: Unable to find version of CDP to use for 127.0.6533.72. You may need to include a dependency on a specific version of the CDP using something similar to `org.seleniumhq.selenium:selenium-devtools-v86:4.18.1` where the version ("v86") matches the version of the chromium-based browser you're using and the version number of the artifact is the same as Selenium's.
[Test worker] INFO com.codeborne.selenide.webdriver.WebDriverFactory - BrowserName=chrome Version=127.0.6533.72 Platform=windows
[Test worker] INFO com.codeborne.selenide.webdriver.WebDriverFactory - Selenide v. 7.2.2
[Test worker] INFO com.codeborne.selenide.webdriver.WebDriverFactory - Selenium WebDriver v. 4.18.1 build revision: b1d3319b48
[Test worker] INFO com.codeborne.selenide.drivercommands.CreateDriverCommand - Created webdriver in thread 1: ChromeDriver -> ChromeDriver: chrome on windows (8755ee6c9180502803de4a6a92467a77), downloadsFolder: C:\Users\caps_\Desktop\Caps\serious_and_important\1programming\qaguru_mypractice\build\downloads\1722428057389_26880_1
[Test worker] INFO com.codeborne.selenide.drivercommands.DisposablesRegistry - Register WebDriverInstance[config=StaticConfig, webDriver=ChromeDriver: chrome on windows (8755ee6c9180502803de4a6a92467a77), proxy=null, downloadsFolder=C:\Users\caps_\Desktop\Caps\serious_and_important\1programming\qaguru_mypractice\build\downloads\1722428057389_26880_1] in 1 [size=1]
[Test worker] INFO com.codeborne.selenide.drivercommands.DisposablesRegistry - Add shutdown hook in 1 [size=1]
]]></system-err>
</testsuite>
